Using pre-set license
Built from '2020.3/staging' branch; Version is '2020.3.26f1 (7298b473bc1a) revision 7510196'; Using compiler version '192528614'; Build Type 'Release'
OS: 'Windows 11  (10.0.22000) 64bit Core' Language: 'en' Physical Memory: 16297 MB
BatchMode: 1, IsHumanControllingUs: 0, StartBugReporterOnCrash: 0, Is64bit: 1, IsPro: 0

COMMAND LINE ARGUMENTS:
C:\Program Files\Unity\Hub\Editor\2020.3.26f1\Editor\Unity.exe
-adb2
-batchMode
-noUpm
-name
AssetImportWorker0
-projectPath
C:/Users/ssmig/source/UnityStuff/DevilTarnished
-logFile
Logs/AssetImportWorker0.log
-srvPort
60565
Successfully changed project path to: C:/Users/ssmig/source/UnityStuff/DevilTarnished
C:/Users/ssmig/source/UnityStuff/DevilTarnished
Using Asset Import Pipeline V2.
Refreshing native plugins compatible for Editor in 106.71 ms, found 2 plugins.
Preloading 0 native plugins for Editor in 0.00 ms.
Initialize engine version: 2020.3.26f1 (7298b473bc1a)
[Subsystems] Discovering subsystems at path C:/Program Files/Unity/Hub/Editor/2020.3.26f1/Editor/Data/Resources/UnitySubsystems
[Subsystems] Discovering subsystems at path C:/Users/ssmig/source/UnityStuff/DevilTarnished/Assets
GfxDevice: creating device client; threaded=0
Direct3D:
    Version:  Direct3D 11.0 [level 11.1]
    Renderer: NVIDIA GeForce RTX 2060 (ID=0x1f08)
    Vendor:   
    VRAM:     5980 MB
    Driver:   30.0.15.1123
Initialize mono
Mono path[0] = 'C:/Program Files/Unity/Hub/Editor/2020.3.26f1/Editor/Data/Managed'
Mono path[1] = 'C:/Program Files/Unity/Hub/Editor/2020.3.26f1/Editor/Data/MonoBleedingEdge/lib/mono/unityjit'
Mono config path = 'C:/Program Files/Unity/Hub/Editor/2020.3.26f1/Editor/Data/MonoBleedingEdge/etc'
Using monoOptions --debugger-agent=transport=dt_socket,embedding=1,server=y,suspend=n,address=127.0.0.1:56184
Begin MonoManager ReloadAssembly
Registering precompiled unity dll's ...
Register platform support module: C:/Program Files/Unity/Hub/Editor/2020.3.26f1/Editor/Data/PlaybackEngines/WebGLSupport/UnityEditor.WebGL.Extensions.dll
Register platform support module: C:/Program Files/Unity/Hub/Editor/2020.3.26f1/Editor/Data/PlaybackEngines/WindowsStandaloneSupport/UnityEditor.WindowsStandalone.Extensions.dll
Registered in 0.003162 seconds.
Native extension for WindowsStandalone target not found
Native extension for WebGL target not found
Refreshing native plugins compatible for Editor in 87.24 ms, found 2 plugins.
Preloading 0 native plugins for Editor in 0.00 ms.
Mono: successfully reloaded assembly
- Completed reload, in  0.564 seconds
Domain Reload Profiling:
	ReloadAssembly (564ms)
		BeginReloadAssembly (55ms)
			ExecutionOrderSort (0ms)
			DisableScriptedObjects (0ms)
			BackupInstance (0ms)
			ReleaseScriptingObjects (0ms)
			CreateAndSetChildDomain (1ms)
		EndReloadAssembly (444ms)
			LoadAssemblies (54ms)
			RebuildTransferFunctionScriptingTraits (0ms)
			SetupTypeCache (135ms)
			ReleaseScriptCaches (0ms)
			RebuildScriptCaches (26ms)
			SetupLoadedEditorAssemblies (193ms)
				LogAssemblyErrors (0ms)
				InitializePlatformSupportModulesInManaged (5ms)
				SetLoadedEditorAssemblies (0ms)
				RefreshPlugins (87ms)
				BeforeProcessingInitializeOnLoad (6ms)
				ProcessInitializeOnLoadAttributes (71ms)
				ProcessInitializeOnLoadMethodAttributes (23ms)
				AfterProcessingInitializeOnLoad (0ms)
				EditorAssembliesLoaded (0ms)
			ExecutionOrderSort2 (0ms)
			AwakeInstancesAfterBackupRestoration (0ms)
Platform modules already initialized, skipping
Registering precompiled user dll's ...
Registered in 0.006632 seconds.
Begin MonoManager ReloadAssembly
Native extension for WindowsStandalone target not found
Native extension for WebGL target not found
Refreshing native plugins compatible for Editor in 1.11 ms, found 2 plugins.
Preloading 0 native plugins for Editor in 0.00 ms.
Mono: successfully reloaded assembly
- Completed reload, in  1.038 seconds
Domain Reload Profiling:
	ReloadAssembly (1038ms)
		BeginReloadAssembly (132ms)
			ExecutionOrderSort (0ms)
			DisableScriptedObjects (4ms)
			BackupInstance (0ms)
			ReleaseScriptingObjects (0ms)
			CreateAndSetChildDomain (18ms)
		EndReloadAssembly (848ms)
			LoadAssemblies (102ms)
			RebuildTransferFunctionScriptingTraits (0ms)
			SetupTypeCache (289ms)
			ReleaseScriptCaches (1ms)
			RebuildScriptCaches (42ms)
			SetupLoadedEditorAssemblies (345ms)
				LogAssemblyErrors (0ms)
				InitializePlatformSupportModulesInManaged (5ms)
				SetLoadedEditorAssemblies (0ms)
				RefreshPlugins (1ms)
				BeforeProcessingInitializeOnLoad (67ms)
				ProcessInitializeOnLoadAttributes (221ms)
				ProcessInitializeOnLoadMethodAttributes (44ms)
				AfterProcessingInitializeOnLoad (7ms)
				EditorAssembliesLoaded (0ms)
			ExecutionOrderSort2 (0ms)
			AwakeInstancesAfterBackupRestoration (7ms)
Platform modules already initialized, skipping
========================================================================
Worker process is ready to serve import requests
Launched and connected shader compiler UnityShaderCompiler.exe after 0.06 seconds
Refreshing native plugins compatible for Editor in 1.30 ms, found 2 plugins.
Preloading 0 native plugins for Editor in 0.00 ms.
Unloading 2503 Unused Serialized files (Serialized files now loaded: 0)
System memory in use before: 103.7 MB.
System memory in use after: 103.9 MB.

Unloading 55 unused Assets to reduce memory usage. Loaded Objects now: 2912.
Total: 7.157400 ms (FindLiveObjects: 0.249900 ms CreateObjectMapping: 0.064700 ms MarkObjects: 6.737000 ms  DeleteObjects: 0.104200 ms)

AssetImportParameters requested are different than current active one (requested -> active):
  custom:framework-win-MediaFoundation: 216162199b28c13a410421893ffa2e32 -> 
  custom:video-decoder-ogg-theora: a1e56fd34408186e4bbccfd4996cb3dc -> 
  custom:container-muxer-webm: aa71ff27fc2769a1b78a27578f13a17b -> 
  custom:container-demuxer-webm: 4f35f7cbe854078d1ac9338744f61a02 -> 
  custom:container-demuxer-ogg: 62fdf1f143b41e24485cea50d1cbac27 -> 
  custom:video-encoder-webm-vp8: eb34c28f22e8b96e1ab97ce403110664 -> 
  custom:video-codec-MediaFoundation-h265: 746d11721c4dcdbdad8f713fa42b33f4 -> 
  custom:video-decoder-webm-vp8: 9c59270c3fd7afecdb556c50c9e8de78 -> 
  custom:audio-decoder-ogg-vorbis: bf7c407c2cedff20999df2af8eb42d56 -> 
  custom:audio-encoder-webm-vorbis: bf7c407c2cedff20999df2af8eb42d56 -> 
========================================================================
Received Import Request.
  path: Assets/FinalBaseMesh.obj
  artifactKey: Guid(e4995f703769a884c8a2ca2d927ea735) Importer(815301076,1909f56bfc062723c751e8b465ee728b)
Start importing Assets/FinalBaseMesh.obj using Guid(e4995f703769a884c8a2ca2d927ea735) Importer(815301076,1909f56bfc062723c751e8b465ee728b)  -> (artifact id: '274e9c1c911a67037d839d2565a13002') in 0.383649 seconds 
  Import took 0.387726 seconds .

========================================================================
Received Import Request.
  Time since last request: 0.000177 seconds.
  path: Assets/Just a test bruv.png
  artifactKey: Guid(9009f34c175e547479a072f3f71de7ec) Importer(815301076,1909f56bfc062723c751e8b465ee728b)
Start importing Assets/Just a test bruv.png using Guid(9009f34c175e547479a072f3f71de7ec) Importer(815301076,1909f56bfc062723c751e8b465ee728b)  -> (artifact id: 'b21a2fce39c75111979c2f8ef2431859') in 0.059697 seconds 
  Import took 0.063406 seconds .

========================================================================
Received Import Request.
  Time since last request: 0.000179 seconds.
  path: Assets/New Terrain.asset
  artifactKey: Guid(47557a583d592fa4fb6ef815861e5593) Importer(815301076,1909f56bfc062723c751e8b465ee728b)
Start importing Assets/New Terrain.asset using Guid(47557a583d592fa4fb6ef815861e5593) Importer(815301076,1909f56bfc062723c751e8b465ee728b)  -> (artifact id: '15075bfe0f79c3d545af92e9de6dc786') in 0.023479 seconds 
  Import took 0.026933 seconds .

========================================================================
Received Prepare
Refreshing native plugins compatible for Editor in 22.62 ms, found 2 plugins.
Preloading 0 native plugins for Editor in 0.00 ms.
Unloading 44 Unused Serialized files (Serialized files now loaded: 0)
System memory in use before: 57.6 MB.
System memory in use after: 57.3 MB.

Unloading 46 unused Assets to reduce memory usage. Loaded Objects now: 2957.
Total: 8.345500 ms (FindLiveObjects: 0.283300 ms CreateObjectMapping: 0.068400 ms MarkObjects: 7.549100 ms  DeleteObjects: 0.443500 ms)

AssetImportParameters requested are different than current active one (requested -> active):
  custom:framework-win-MediaFoundation: 216162199b28c13a410421893ffa2e32 -> 
  custom:video-decoder-ogg-theora: a1e56fd34408186e4bbccfd4996cb3dc -> 
  custom:container-muxer-webm: aa71ff27fc2769a1b78a27578f13a17b -> 
  custom:container-demuxer-webm: 4f35f7cbe854078d1ac9338744f61a02 -> 
  custom:container-demuxer-ogg: 62fdf1f143b41e24485cea50d1cbac27 -> 
  custom:video-encoder-webm-vp8: eb34c28f22e8b96e1ab97ce403110664 -> 
  custom:video-codec-MediaFoundation-h265: 746d11721c4dcdbdad8f713fa42b33f4 -> 
  custom:video-decoder-webm-vp8: 9c59270c3fd7afecdb556c50c9e8de78 -> 
  custom:audio-decoder-ogg-vorbis: bf7c407c2cedff20999df2af8eb42d56 -> 
  custom:audio-encoder-webm-vorbis: bf7c407c2cedff20999df2af8eb42d56 -> 
========================================================================
Received Prepare
Refreshing native plugins compatible for Editor in 20.75 ms, found 2 plugins.
Preloading 0 native plugins for Editor in 0.00 ms.
Unloading 44 Unused Serialized files (Serialized files now loaded: 0)
System memory in use before: 57.1 MB.
System memory in use after: 57.3 MB.

Unloading 44 unused Assets to reduce memory usage. Loaded Objects now: 2957.
Total: 7.108400 ms (FindLiveObjects: 0.405100 ms CreateObjectMapping: 0.100300 ms MarkObjects: 6.573200 ms  DeleteObjects: 0.028800 ms)

AssetImportParameters requested are different than current active one (requested -> active):
  custom:framework-win-MediaFoundation: 216162199b28c13a410421893ffa2e32 -> 
  custom:video-decoder-ogg-theora: a1e56fd34408186e4bbccfd4996cb3dc -> 
  custom:container-muxer-webm: aa71ff27fc2769a1b78a27578f13a17b -> 
  custom:container-demuxer-webm: 4f35f7cbe854078d1ac9338744f61a02 -> 
  custom:container-demuxer-ogg: 62fdf1f143b41e24485cea50d1cbac27 -> 
  custom:video-encoder-webm-vp8: eb34c28f22e8b96e1ab97ce403110664 -> 
  custom:video-codec-MediaFoundation-h265: 746d11721c4dcdbdad8f713fa42b33f4 -> 
  custom:video-decoder-webm-vp8: 9c59270c3fd7afecdb556c50c9e8de78 -> 
  custom:audio-decoder-ogg-vorbis: bf7c407c2cedff20999df2af8eb42d56 -> 
  custom:audio-encoder-webm-vorbis: bf7c407c2cedff20999df2af8eb42d56 -> 
========================================================================
Received Import Request.
  Time since last request: 337.817688 seconds.
  path: Assets/Scenes/Ship
  artifactKey: Guid(8442ee0bf74c925498d5586db6d17e2e) Importer(815301076,1909f56bfc062723c751e8b465ee728b)
Start importing Assets/Scenes/Ship using Guid(8442ee0bf74c925498d5586db6d17e2e) Importer(815301076,1909f56bfc062723c751e8b465ee728b)  -> (artifact id: 'b74f74d924286982b926cb0e572561a7') in 0.004463 seconds 
  Import took 0.008518 seconds .

========================================================================
Received Import Request.
  Time since last request: 8.616742 seconds.
  path: Assets/Scenes/lvl1.unity
  artifactKey: Guid(7f091d89af416e34aa5d25fd99a306c3) Importer(815301076,1909f56bfc062723c751e8b465ee728b)
Start importing Assets/Scenes/lvl1.unity using Guid(7f091d89af416e34aa5d25fd99a306c3) Importer(815301076,1909f56bfc062723c751e8b465ee728b)  -> (artifact id: 'd371c1e888d35d8608120e11e1c88d98') in 0.008970 seconds 
  Import took 0.012966 seconds .

========================================================================
Received Import Request.
  Time since last request: 5.710914 seconds.
  path: Assets/Scenes/SampleScene.unity
  artifactKey: Guid(205a06dfb38908644a97b8d21aa010d4) Importer(815301076,1909f56bfc062723c751e8b465ee728b)
Start importing Assets/Scenes/SampleScene.unity using Guid(205a06dfb38908644a97b8d21aa010d4) Importer(815301076,1909f56bfc062723c751e8b465ee728b)  -> (artifact id: '4deb33b881378222fbeaef0e69422af5') in 0.005579 seconds 
  Import took 0.009753 seconds .

========================================================================
Received Import Request.
  Time since last request: 39.610210 seconds.
  path: Assets/Scenes/Main Menu.unity
  artifactKey: Guid(5e3739b7c0b905f4f9c469da99cf33ca) Importer(815301076,1909f56bfc062723c751e8b465ee728b)
Start importing Assets/Scenes/Main Menu.unity using Guid(5e3739b7c0b905f4f9c469da99cf33ca) Importer(815301076,1909f56bfc062723c751e8b465ee728b)  -> (artifact id: 'ae0234e6e738892cecca51c127597aff') in 0.005199 seconds 
  Import took 0.009333 seconds .

========================================================================
Received Import Request.
  Time since last request: 5.366042 seconds.
  path: Assets/Scenes/SampleSceneSettings.lighting
  artifactKey: Guid(949fb1188e238cf40890460e51d584fb) Importer(815301076,1909f56bfc062723c751e8b465ee728b)
Start importing Assets/Scenes/SampleSceneSettings.lighting using Guid(949fb1188e238cf40890460e51d584fb) Importer(815301076,1909f56bfc062723c751e8b465ee728b)  -> (artifact id: '722ae50cc485ee740c6a80fe6a713d08') in 0.006848 seconds 
  Import took 0.011121 seconds .

========================================================================
Received Import Request.
  Time since last request: 5.277826 seconds.
  path: Assets/Scenes/Menu Section.unity
  artifactKey: Guid(7a256afd0f7709748a8f8dcb42a4d52a) Importer(815301076,1909f56bfc062723c751e8b465ee728b)
Start importing Assets/Scenes/Menu Section.unity using Guid(7a256afd0f7709748a8f8dcb42a4d52a) Importer(815301076,1909f56bfc062723c751e8b465ee728b)  -> (artifact id: '300b1c9936ebf5d1b2f0b111722efd19') in 0.005636 seconds 
  Import took 0.009972 seconds .

========================================================================
Received Import Request.
  Time since last request: 1.818383 seconds.
  path: Assets/Scenes/SpaceShip.unity
  artifactKey: Guid(a729312ad8c3f03439360217414da077) Importer(815301076,1909f56bfc062723c751e8b465ee728b)
Start importing Assets/Scenes/SpaceShip.unity using Guid(a729312ad8c3f03439360217414da077) Importer(815301076,1909f56bfc062723c751e8b465ee728b)  -> (artifact id: '8fffa8bf4abcad2c63a46e534aa9180b') in 0.007824 seconds 
  Import took 0.011890 seconds .

AssetImportWorkerClient::OnTransportError - code=2 error=End of file
